Arguments: 
  /Users/master/.anyenv/envs/nodenv/versions/11.12.0/bin/node /Users/master/.anyenv/envs/nodenv/versions/11.12.0/bin/yarn add aplit

PATH: 
  /Users/master/.anyenv/envs/nodenv/versions/11.12.0/bin:/Users/master/.anyenv/envs/nodenv/libexec:/Users/master/.anyenv/envs/nodenv/plugins/nodenv-vars/bin:/Users/master/.anyenv/envs/nodenv/plugins/nodenv-default-packages/bin:/Users/master/.anyenv/envs/nodenv/plugins/node-build/bin:/Users/master/.anyenv/envs/rbenv/shims:/Users/master/.anyenv/envs/rbenv/bin:/Users/master/.anyenv/envs/pyenv/shims:/Users/master/.anyenv/envs/pyenv/bin:/Users/master/.anyenv/envs/nodenv/shims:/Users/master/.anyenv/envs/nodenv/bin:/Users/master/.anyenv/envs/goenv/shims:/Users/master/.anyenv/envs/goenv/bin:/Users/master/git/etc/flutter/bin:/Users/master/Library/Android/sdk/tools/bin:/Users/master/Library/Android/sdk/emulator:/Users/master/Library/Android/sdk/platform-tools:/usr/local/bin:/usr/bin:/bin:/usr/sbin:/sbin:/Library/Frameworks/Mono.framework/Versions/Current/Commands:/Users/master/.anyenv/envs/rbenv/shims:/Users/master/.anyenv/envs/rbenv/bin:/Users/master/.anyenv/envs/pyenv/shims:/Users/master/.anyenv/envs/pyenv/bin:/Users/master/.anyenv/envs/nodenv/shims:/Users/master/.anyenv/envs/nodenv/bin:/Users/master/.anyenv/envs/goenv/shims:/Users/master/.anyenv/envs/goenv/bin:/Users/master/git/etc/flutter/bin:/Users/master/Library/Android/sdk/tools/bin:/Users/master/Library/Android/sdk/emulator:/Users/master/Library/Android/sdk/platform-tools

Yarn version: 
  1.16.0

Node version: 
  11.12.0

Platform: 
  darwin x64

Trace: 
  Error: https://registry.yarnpkg.com/aplit: Not found
      at Request.params.callback [as _callback] (/Users/master/.anyenv/envs/nodenv/versions/11.12.0/lib/node_modules/yarn/lib/cli.js:66091:18)
      at Request.self.callback (/Users/master/.anyenv/envs/nodenv/versions/11.12.0/lib/node_modules/yarn/lib/cli.js:129590:22)
      at Request.emit (events.js:197:13)
      at Request.<anonymous> (/Users/master/.anyenv/envs/nodenv/versions/11.12.0/lib/node_modules/yarn/lib/cli.js:130562:10)
      at Request.emit (events.js:197:13)
      at IncomingMessage.<anonymous> (/Users/master/.anyenv/envs/nodenv/versions/11.12.0/lib/node_modules/yarn/lib/cli.js:130484:12)
      at Object.onceWrapper (events.js:285:20)
      at IncomingMessage.emit (events.js:202:15)
      at endReadableNT (_stream_readable.js:1132:12)
      at processTicksAndRejections (internal/process/next_tick.js:76:17)

npm manifest: 
  No manifest

yarn manifest: 
  No manifest

Lockfile: 
  No lockfile
